android/app/build/intermediates/manifest_merge_blame_file/release/manifest-merger-blame-release-report.txt
1<?xml version="1.0" encoding="utf-8"?>
2<manifest xmlns:android="http://schemas.android.com/apk/res/android"
3    package="com.samavesh"
4    android:versionCode="1"
5    android:versionName="1.0" >
6
7    <uses-sdk
8        android:minSdkVersion="21"
8-->src/main/AndroidManifest.xml
9        android:targetSdkVersion="30" />
9-->src/main/AndroidManifest.xml
10
11    <uses-permission android:name="android.permission.INTERNET" />
11-->src/main/AndroidManifest.xml:4:5-67
11-->src/main/AndroidManifest.xml:4:22-64
12
13    <application
13-->src/main/AndroidManifest.xml:6:5-24:19
14        android:name="com.samavesh.MainApplication"
14-->src/main/AndroidManifest.xml:7:7-38
15        android:allowBackup="false"
15-->src/main/AndroidManifest.xml:11:7-34
16        android:appComponentFactory="androidx.core.app.CoreComponentFactory"
16-->[androidx.core:core:1.2.0] AndroidManifest.xml:24:18-86
17        android:icon="@mipmap/ic_launcher"
17-->src/main/AndroidManifest.xml:9:7-41
18        android:label="@string/app_name"
18-->src/main/AndroidManifest.xml:8:7-39
19        android:roundIcon="@mipmap/ic_launcher_round"
19-->src/main/AndroidManifest.xml:10:7-52
20        android:theme="@style/AppTheme" >
20-->src/main/AndroidManifest.xml:12:7-38
21        <activity
21-->src/main/AndroidManifest.xml:13:7-23:18
22            android:name="com.samavesh.MainActivity"
22-->src/main/AndroidManifest.xml:14:9-37
23            android:configChanges="keyboard|keyboardHidden|orientation|screenSize|uiMode"
23-->src/main/AndroidManifest.xml:16:9-86
24            android:label="@string/app_name"
24-->src/main/AndroidManifest.xml:15:9-41
25            android:launchMode="singleTask"
25-->src/main/AndroidManifest.xml:17:9-40
26            android:windowSoftInputMode="adjustResize" >
26-->src/main/AndroidManifest.xml:18:9-51
27            <intent-filter>
27-->src/main/AndroidManifest.xml:19:9-22:25
28                <action android:name="android.intent.action.MAIN" />
28-->src/main/AndroidManifest.xml:20:13-65
28-->src/main/AndroidManifest.xml:20:21-62
29
30                <category android:name="android.intent.category.LAUNCHER" />
30-->src/main/AndroidManifest.xml:21:13-73
30-->src/main/AndroidManifest.xml:21:23-70
31            </intent-filter>
32        </activity>
33
34        <meta-data
34-->[:react-native-firebase_app] AndroidManifest.xml:10:9-12:36
35            android:name="app_data_collection_default_enabled"
35-->[:react-native-firebase_app] AndroidManifest.xml:11:13-63
36            android:value="true" />
36-->[:react-native-firebase_app] AndroidManifest.xml:12:13-33
37
38        <service
38-->[:react-native-firebase_app] AndroidManifest.xml:14:9-18:19
39            android:name="com.google.firebase.components.ComponentDiscoveryService"
39-->[:react-native-firebase_app] AndroidManifest.xml:14:18-89
40            android:directBootAware="true"
40-->[com.google.firebase:firebase-common:20.0.0] AndroidManifest.xml:35:13-43
41            android:exported="false" >
41-->[com.google.firebase:firebase-common:20.0.0] AndroidManifest.xml:36:13-37
42            <meta-data
42-->[:react-native-firebase_app] AndroidManifest.xml:15:13-17:85
43                android:name="com.google.firebase.components:io.invertase.firebase.app.ReactNativeFirebaseAppRegistrar"
43-->[:react-native-firebase_app] AndroidManifest.xml:16:17-120
44                android:value="com.google.firebase.components.ComponentRegistrar" />
44-->[:react-native-firebase_app] AndroidManifest.xml:17:17-82
45        </service>
46
47        <provider
47-->[:react-native-firebase_app] AndroidManifest.xml:20:9-24:38
48            android:name="io.invertase.firebase.app.ReactNativeFirebaseAppInitProvider"
48-->[:react-native-firebase_app] AndroidManifest.xml:21:13-88
49            android:authorities="com.samavesh.reactnativefirebaseappinitprovider"
49-->[:react-native-firebase_app] AndroidManifest.xml:22:13-86
50            android:exported="false"
50-->[:react-native-firebase_app] AndroidManifest.xml:23:13-37
51            android:initOrder="99" />
51-->[:react-native-firebase_app] AndroidManifest.xml:24:13-35
52
53        <activity
53-->[com.google.android.gms:play-services-auth:19.2.0] AndroidManifest.xml:23:9-27:75
54            android:name="com.google.android.gms.auth.api.signin.internal.SignInHubActivity"
54-->[com.google.android.gms:play-services-auth:19.2.0] AndroidManifest.xml:24:13-93
55            android:excludeFromRecents="true"
55-->[com.google.android.gms:play-services-auth:19.2.0] AndroidManifest.xml:25:13-46
56            android:exported="false"
56-->[com.google.android.gms:play-services-auth:19.2.0] AndroidManifest.xml:26:13-37
57            android:theme="@android:style/Theme.Translucent.NoTitleBar" />
57-->[com.google.android.gms:play-services-auth:19.2.0] AndroidManifest.xml:27:13-72
58        <!--
59            Service handling Google Sign-In user revocation. For apps that do not integrate with
60            Google Sign-In, this service will never be started.
61        -->
62        <service
62-->[com.google.android.gms:play-services-auth:19.2.0] AndroidManifest.xml:33:9-37:51
63            android:name="com.google.android.gms.auth.api.signin.RevocationBoundService"
63-->[com.google.android.gms:play-services-auth:19.2.0] AndroidManifest.xml:34:13-89
64            android:exported="true"
64-->[com.google.android.gms:play-services-auth:19.2.0] AndroidManifest.xml:35:13-36
65            android:permission="com.google.android.gms.auth.api.signin.permission.REVOCATION_NOTIFICATION"
65-->[com.google.android.gms:play-services-auth:19.2.0] AndroidManifest.xml:36:13-107
66            android:visibleToInstantApps="true" />
66-->[com.google.android.gms:play-services-auth:19.2.0] AndroidManifest.xml:37:13-48
67
68        <activity
68-->[com.google.android.gms:play-services-base:17.5.0] AndroidManifest.xml:23:9-26:75
69            android:name="com.google.android.gms.common.api.GoogleApiActivity"
69-->[com.google.android.gms:play-services-base:17.5.0] AndroidManifest.xml:24:13-79
70            android:exported="false"
70-->[com.google.android.gms:play-services-base:17.5.0] AndroidManifest.xml:25:13-37
71            android:theme="@android:style/Theme.Translucent.NoTitleBar" />
71-->[com.google.android.gms:play-services-base:17.5.0] AndroidManifest.xml:26:13-72
72
73        <provider
73-->[com.google.firebase:firebase-common:20.0.0] AndroidManifest.xml:26:9-31:39
74            android:name="com.google.firebase.provider.FirebaseInitProvider"
74-->[com.google.firebase:firebase-common:20.0.0] AndroidManifest.xml:27:13-77
75            android:authorities="com.samavesh.firebaseinitprovider"
75-->[com.google.firebase:firebase-common:20.0.0] AndroidManifest.xml:28:13-72
76            android:directBootAware="true"
76-->[com.google.firebase:firebase-common:20.0.0] AndroidManifest.xml:29:13-43
77            android:exported="false"
77-->[com.google.firebase:firebase-common:20.0.0] AndroidManifest.xml:30:13-37
78            android:initOrder="100" />
78-->[com.google.firebase:firebase-common:20.0.0] AndroidManifest.xml:31:13-36
79
80        <meta-data
80-->[com.google.android.gms:play-services-basement:17.5.0] AndroidManifest.xml:23:9-25:69
81            android:name="com.google.android.gms.version"
81-->[com.google.android.gms:play-services-basement:17.5.0] AndroidManifest.xml:24:13-58
82            android:value="@integer/google_play_services_version" />
82-->[com.google.android.gms:play-services-basement:17.5.0] AndroidManifest.xml:25:13-66
83    </application>
84
85</manifest>